<?xml version="1.0" encoding="UTF-8"?>
<!-- Generated by org.testng.reporters.JUnitReportReporter -->
<testsuite hostname="Mukeshs-MacBook-Air.local" failures="0" tests="3" name="class51_crossbrowser.ParametersDemo" time="0.005" errors="0" timestamp="2024-10-21T08:11:34 IST" skipped="0">
  <testcase classname="class51_crossbrowser.ParametersDemo" name="test1" time="0.001"/>
  <testcase classname="class51_crossbrowser.ParametersDemo" name="test1" time="0.001"/>
  <testcase classname="class51_crossbrowser.ParametersDemo" name="test1" time="0.003"/>
</testsuite> <!-- class51_crossbrowser.ParametersDemo -->
