<?xml version="1.0" encoding="UTF-8"?>
<!-- Generated by org.testng.reporters.JUnitReportReporter -->
<testsuite hostname="Mukeshs-MacBook-Air.local" failures="0" tests="1" name="class49_assertion.SoftAssertionDemo" time="0.003" errors="0" timestamp="2024-10-18T08:15:54 IST" skipped="0">
  <testcase classname="class49_assertion.SoftAssertionDemo" name="test1" time="0.003"/>
</testsuite> <!-- class49_assertion.SoftAssertionDemo -->
