<?xml version="1.0" encoding="UTF-8"?>
<!-- Generated by org.testng.reporters.JUnitReportReporter -->
<testsuite hostname="Mukeshs-MacBook-Air.local" failures="0" tests="2" name="class50_xmlfiles_annotation.AnnotationsExample2" time="0.001" errors="0" timestamp="2024-10-18T08:57:25 IST" skipped="0">
  <testcase classname="class50_xmlfiles_annotation.AnnotationsExample2" name="test4" time="0.000"/>
  <testcase classname="class50_xmlfiles_annotation.AnnotationsExample2" name="test3" time="0.001"/>
</testsuite> <!-- class50_xmlfiles_annotation.AnnotationsExample2 -->
