<?xml version="1.0" encoding="UTF-8"?>
<!-- Generated by org.testng.reporters.JUnitReportReporter -->
<testsuite hostname="DESKTOP-H4I3TSP" failures="0" tests="6" name="class48_getting_started.TestngExample2" time="0.012" errors="0" timestamp="2024-11-09T18:10:01 IST" skipped="0">
  <testcase classname="class48_getting_started.TestngExample2" name="Zk" time="0.008"/>
  <testcase classname="class48_getting_started.TestngExample2" name="loginToApplication" time="0.001"/>
  <testcase classname="class48_getting_started.TestngExample2" name="makePayment" time="0.001"/>
  <testcase classname="class48_getting_started.TestngExample2" name="collectReceipt" time="0.001"/>
  <testcase classname="class48_getting_started.TestngExample2" name="logoutFromApplication" time="0.001"/>
  <testcase classname="class48_getting_started.TestngExample2" name="Dinesh" time="0.000"/>
</testsuite> <!-- class48_getting_started.TestngExample2 -->
