<?xml version="1.0" encoding="UTF-8"?>
<!-- Generated by org.testng.reporters.JUnitReportReporter -->
<testsuite hostname="DESKTOP-H4I3TSP" failures="0" tests="5" name="class52_ddt.ParallelMethodDemo2" time="0.014" errors="0" timestamp="2024-11-10T07:37:06 IST" skipped="0">
  <testcase classname="class52_ddt.ParallelMethodDemo2" name="test5" time="0.002"/>
  <testcase classname="class52_ddt.ParallelMethodDemo2" name="test4" time="0.002"/>
  <testcase classname="class52_ddt.ParallelMethodDemo2" name="test2" time="0.002"/>
  <testcase classname="class52_ddt.ParallelMethodDemo2" name="test3" time="0.002"/>
  <testcase classname="class52_ddt.ParallelMethodDemo2" name="test1" time="0.006"/>
</testsuite> <!-- class52_ddt.ParallelMethodDemo2 -->
