<?xml version="1.0" encoding="UTF-8"?>
<!-- Generated by org.testng.reporters.JUnitReportReporter -->
<testsuite hostname="Mukeshs-MacBook-Air.local" failures="0" tests="1" name="class51_crossbrowser.Sample1" time="26.581" errors="0" timestamp="2024-10-21T08:36:55 IST" skipped="0">
  <testcase classname="class51_crossbrowser.Sample1" name="test1" time="26.581"/>
</testsuite> <!-- class51_crossbrowser.Sample1 -->
