<?xml version="1.0" encoding="UTF-8"?>
<!-- Generated by org.testng.reporters.JUnitReportReporter -->
<testsuite hostname="DESKTOP-H4I3TSP" failures="0" tests="3" name="class48_getting_started.FirstTestNG" time="0.009" errors="0" timestamp="2024-11-09T18:05:45 IST" skipped="0">
  <testcase classname="class48_getting_started.FirstTestNG" name="test2" time="0.002"/>
  <testcase classname="class48_getting_started.FirstTestNG" name="test1" time="0.006"/>
  <testcase classname="class48_getting_started.FirstTestNG" name="test3" time="0.001"/>
</testsuite> <!-- class48_getting_started.FirstTestNG -->
