<?xml version="1.0" encoding="UTF-8"?>
<!-- Generated by org.testng.reporters.JUnitReportReporter -->
<testsuite hostname="DESKTOP-H4I3TSP" failures="0" tests="5" name="class52_ddt.ParallelMethodDemo" time="0.023" errors="0" timestamp="2024-11-10T07:34:23 IST" skipped="0">
  <testcase classname="class52_ddt.ParallelMethodDemo" name="test5" time="0.002"/>
  <testcase classname="class52_ddt.ParallelMethodDemo" name="test4" time="0.002"/>
  <testcase classname="class52_ddt.ParallelMethodDemo" name="test2" time="0.002"/>
  <testcase classname="class52_ddt.ParallelMethodDemo" name="test3" time="0.002"/>
  <testcase classname="class52_ddt.ParallelMethodDemo" name="test1" time="0.015"/>
</testsuite> <!-- class52_ddt.ParallelMethodDemo -->
