<?xml version="1.0" encoding="UTF-8"?>
<!-- Generated by org.testng.reporters.JUnitReportReporter -->
<testsuite hostname="Mukeshs-MacBook-Air.local" failures="0" tests="3" name="class51_crossbrowser.CrossBrowserTest" time="28.476" errors="0" timestamp="2024-10-21T08:38:58 IST" skipped="0">
  <testcase classname="class51_crossbrowser.CrossBrowserTest" name="verifyTitle" time="10.762"/>
  <testcase classname="class51_crossbrowser.CrossBrowserTest" name="verifyTitle" time="11.639"/>
  <testcase classname="class51_crossbrowser.CrossBrowserTest" name="verifyTitle" time="6.075"/>
</testsuite> <!-- class51_crossbrowser.CrossBrowserTest -->
