<?xml version="1.0" encoding="UTF-8"?>
<!-- Generated by org.testng.reporters.JUnitReportReporter -->
<testsuite hostname="DESKTOP-H4I3TSP" failures="0" tests="5" name="class49_assertion.AssertionInTestNG" time="0.022" errors="0" timestamp="2024-10-24T23:40:01 IST" skipped="0">
  <testcase classname="class49_assertion.AssertionInTestNG" name="test3" time="0.002"/>
  <testcase classname="class49_assertion.AssertionInTestNG" name="test4" time="0.004"/>
  <testcase classname="class49_assertion.AssertionInTestNG" name="test5" time="0.001"/>
  <testcase classname="class49_assertion.AssertionInTestNG" name="test2" time="0.001"/>
  <testcase classname="class49_assertion.AssertionInTestNG" name="test1" time="0.014"/>
</testsuite> <!-- class49_assertion.AssertionInTestNG -->
