<?xml version="1.0" encoding="UTF-8"?>
<!-- Generated by org.testng.reporters.JUnitReportReporter -->
<testsuite hostname="Mukeshs-MacBook-Air.local" failures="0" tests="3" name="class53_dataprovider.DDT" time="31.842" errors="0" timestamp="2024-10-23T08:16:25 IST" skipped="0">
  <testcase classname="class53_dataprovider.DDT" name="test1" time="10.615"/>
  <testcase classname="class53_dataprovider.DDT" name="test1" time="10.746"/>
  <testcase classname="class53_dataprovider.DDT" name="test1" time="10.481"/>
</testsuite> <!-- class53_dataprovider.DDT -->
