<?xml version="1.0" encoding="UTF-8"?>
<!-- Generated by org.testng.reporters.JUnitReportReporter -->
<testsuite hostname="DESKTOP-H4I3TSP" failures="0" tests="3" name="class49_assertion.Dependency" time="0.010" errors="0" timestamp="2024-10-24T23:42:38 IST" skipped="0">
  <testcase classname="class49_assertion.Dependency" name="login" time="0.006"/>
  <testcase classname="class49_assertion.Dependency" name="logoutFromApplication" time="0.002"/>
  <testcase classname="class49_assertion.Dependency" name="closeApp" time="0.002"/>
</testsuite> <!-- class49_assertion.Dependency -->
