<?xml version="1.0" encoding="UTF-8"?>
<!-- Generated by org.testng.reporters.JUnitReportReporter -->
<testsuite hostname="Mukeshs-MacBook-Air.local" failures="0" tests="5" name="class52_ddt.ParallelMethodDemo3" time="0.003" errors="0" timestamp="2024-10-22T08:42:55 IST" skipped="0">
  <testcase classname="class52_ddt.ParallelMethodDemo3" name="test5" time="0.001"/>
  <testcase classname="class52_ddt.ParallelMethodDemo3" name="test3" time="0.000"/>
  <testcase classname="class52_ddt.ParallelMethodDemo3" name="test2" time="0.000"/>
  <testcase classname="class52_ddt.ParallelMethodDemo3" name="test4" time="0.001"/>
  <testcase classname="class52_ddt.ParallelMethodDemo3" name="test1" time="0.001"/>
</testsuite> <!-- class52_ddt.ParallelMethodDemo3 -->
