<?xml version="1.0" encoding="UTF-8"?>
<!-- Generated by org.testng.reporters.JUnitReportReporter -->
<testsuite hostname="DESKTOP-H4I3TSP" failures="0" tests="2" name="class50_xmlfiles_annotation.AnnotationsExample" time="0.007" errors="0" timestamp="2024-11-10T07:25:58 IST" skipped="0">
  <testcase classname="class50_xmlfiles_annotation.AnnotationsExample" name="test2" time="0.002"/>
  <testcase classname="class50_xmlfiles_annotation.AnnotationsExample" name="test1" time="0.005"/>
</testsuite> <!-- class50_xmlfiles_annotation.AnnotationsExample -->
