<?xml version="1.0" encoding="UTF-8"?>
<!-- Generated by org.testng.reporters.JUnitReportReporter -->
<testsuite hostname="DESKTOP-H4I3TSP" failures="0" tests="5" name="class50_xmlfiles_annotation.TestNGInvocationCount" time="0.013" errors="0" timestamp="2024-11-10T07:31:44 IST" skipped="0">
  <testcase classname="class50_xmlfiles_annotation.TestNGInvocationCount" name="test1" time="0.009"/>
  <testcase classname="class50_xmlfiles_annotation.TestNGInvocationCount" name="test5" time="0.001"/>
  <testcase classname="class50_xmlfiles_annotation.TestNGInvocationCount" name="test2" time="0.001"/>
  <testcase classname="class50_xmlfiles_annotation.TestNGInvocationCount" name="test4" time="0.001"/>
  <testcase classname="class50_xmlfiles_annotation.TestNGInvocationCount" name="test3" time="0.001"/>
</testsuite> <!-- class50_xmlfiles_annotation.TestNGInvocationCount -->
