<?xml version="1.0" encoding="UTF-8"?>
<!-- Generated by org.testng.reporters.JUnitReportReporter -->
<testsuite hostname="Mukeshs-MacBook-Air.local" failures="0" tests="3" name="class49_assertion.TestNGWithSelenium" time="27.030" errors="0" timestamp="2024-10-18T08:15:54 IST" skipped="0">
  <testcase classname="class49_assertion.TestNGWithSelenium" name="verifyURL" time="7.339"/>
  <testcase classname="class49_assertion.TestNGWithSelenium" name="loginToApp" time="12.615"/>
  <testcase classname="class49_assertion.TestNGWithSelenium" name="verifyTitle" time="7.076"/>
</testsuite> <!-- class49_assertion.TestNGWithSelenium -->
